G:\WORKSPACE\ADMITSYSTEM\ADMITSYSTEM\DEBUG\MAIN.OBJ
G:\WORKSPACE\ADMITSYSTEM\ADMITSYSTEM\DEBUG\VC110.PDB
G:\WORKSPACE\ADMITSYSTEM\DEBUG\ADMITSYSTEM.ILK
G:\WORKSPACE\ADMITSYSTEM\DEBUG\ADMITSYSTEM.EXE
G:\WORKSPACE\ADMITSYSTEM\DEBUG\ADMITSYSTEM.PDB
G:\Workspace\AdmitSystem\AdmitSystem\Debug\main.obj
G:\Workspace\AdmitSystem\AdmitSystem\Debug\cl.command.1.tlog
G:\Workspace\AdmitSystem\AdmitSystem\Debug\CL.read.1.tlog
G:\Workspace\AdmitSystem\AdmitSystem\Debug\CL.write.1.tlog
G:\Workspace\AdmitSystem\AdmitSystem\Debug\link-cvtres.read.1.tlog
G:\Workspace\AdmitSystem\AdmitSystem\Debug\link-cvtres.write.1.tlog
G:\Workspace\AdmitSystem\AdmitSystem\Debug\link-rc.read.1.tlog
G:\Workspace\AdmitSystem\AdmitSystem\Debug\link-rc.write.1.tlog
G:\Workspace\AdmitSystem\AdmitSystem\Debug\link.10148-cvtres.read.1.tlog
G:\Workspace\AdmitSystem\AdmitSystem\Debug\link.10148-cvtres.write.1.tlog
G:\Workspace\AdmitSystem\AdmitSystem\Debug\link.10148-rc.read.1.tlog
G:\Workspace\AdmitSystem\AdmitSystem\Debug\link.10148-rc.write.1.tlog
G:\Workspace\AdmitSystem\AdmitSystem\Debug\link.10148.read.1.tlog
G:\Workspace\AdmitSystem\AdmitSystem\Debug\link.10148.write.1.tlog
G:\Workspace\AdmitSystem\AdmitSystem\Debug\link.2464-cvtres.read.1.tlog
G:\Workspace\AdmitSystem\AdmitSystem\Debug\link.2464-cvtres.write.1.tlog
G:\Workspace\AdmitSystem\AdmitSystem\Debug\link.2464-rc.read.1.tlog
G:\Workspace\AdmitSystem\AdmitSystem\Debug\link.2464-rc.write.1.tlog
G:\Workspace\AdmitSystem\AdmitSystem\Debug\link.2464.read.1.tlog
G:\Workspace\AdmitSystem\AdmitSystem\Debug\link.2464.write.1.tlog
G:\Workspace\AdmitSystem\AdmitSystem\Debug\link.4460-cvtres.read.1.tlog
G:\Workspace\AdmitSystem\AdmitSystem\Debug\link.4460-cvtres.write.1.tlog
G:\Workspace\AdmitSystem\AdmitSystem\Debug\link.4460-rc.read.1.tlog
G:\Workspace\AdmitSystem\AdmitSystem\Debug\link.4460-rc.write.1.tlog
G:\Workspace\AdmitSystem\AdmitSystem\Debug\link.4460.read.1.tlog
G:\Workspace\AdmitSystem\AdmitSystem\Debug\link.4460.write.1.tlog
G:\Workspace\AdmitSystem\AdmitSystem\Debug\link.5304-cvtres.read.1.tlog
G:\Workspace\AdmitSystem\AdmitSystem\Debug\link.5304-cvtres.write.1.tlog
G:\Workspace\AdmitSystem\AdmitSystem\Debug\link.5304-rc.read.1.tlog
G:\Workspace\AdmitSystem\AdmitSystem\Debug\link.5304-rc.write.1.tlog
G:\Workspace\AdmitSystem\AdmitSystem\Debug\link.5304.read.1.tlog
G:\Workspace\AdmitSystem\AdmitSystem\Debug\link.5304.write.1.tlog
G:\Workspace\AdmitSystem\AdmitSystem\Debug\link.5756-cvtres.read.1.tlog
G:\Workspace\AdmitSystem\AdmitSystem\Debug\link.5756-cvtres.write.1.tlog
G:\Workspace\AdmitSystem\AdmitSystem\Debug\link.5756-rc.read.1.tlog
G:\Workspace\AdmitSystem\AdmitSystem\Debug\link.5756-rc.write.1.tlog
G:\Workspace\AdmitSystem\AdmitSystem\Debug\link.5756.read.1.tlog
G:\Workspace\AdmitSystem\AdmitSystem\Debug\link.5756.write.1.tlog
G:\Workspace\AdmitSystem\AdmitSystem\Debug\link.7612-cvtres.read.1.tlog
G:\Workspace\AdmitSystem\AdmitSystem\Debug\link.7612-cvtres.write.1.tlog
G:\Workspace\AdmitSystem\AdmitSystem\Debug\link.7612-rc.read.1.tlog
G:\Workspace\AdmitSystem\AdmitSystem\Debug\link.7612-rc.write.1.tlog
G:\Workspace\AdmitSystem\AdmitSystem\Debug\link.7612.read.1.tlog
G:\Workspace\AdmitSystem\AdmitSystem\Debug\link.7612.write.1.tlog
G:\Workspace\AdmitSystem\AdmitSystem\Debug\link.command.1.tlog
G:\Workspace\AdmitSystem\AdmitSystem\Debug\link.read.1.tlog
G:\Workspace\AdmitSystem\AdmitSystem\Debug\link.write.1.tlog
G:\Workspace\AdmitSystem\AdmitSystem\Debug\vc110.idb
G:\Workspace\AdmitSystem\AdmitSystem\Debug\vc110.pdb
G:\Workspace\AdmitSystem\Debug\AdmitSystem.pdb
G:\Workspace\AdmitSystem\Debug\AdmitSystem.exe
G:\Workspace\AdmitSystem\Debug\AdmitSystem.ilk
